Remove Pin=*1-1 From Net=PA0-WKUP
Remove Pin=*1-2 From Net=PA1
Remove Pin=*1-3 From Net=PA2
Remove Pin=*1-4 From Net=PA3
Remove Pin=*1-5 From Net=PA4
Remove Pin=*1-6 From Net=PA5
Remove Pin=*1-7 From Net=PA6
Remove Pin=*1-8 From Net=PA7
Remove Pin=*1-9 From Net=PA8
Remove Pin=*1-10 From Net=PA9
Remove Pin=*1-11 From Net=PA10
Remove Pin=*1-12 From Net=PA11
Remove Pin=*1-13 From Net=PA12
Remove Pin=*1-14 From Net=PA13
Remove Pin=*1-15 From Net=PA14
Remove Pin=*1-16 From Net=PA15
Remove Pin=*2-1 From Net=PB0
Remove Pin=*2-2 From Net=PB1
Remove Pin=*2-3 From Net=PB2
Remove Pin=*2-4 From Net=PB3
Remove Pin=*2-5 From Net=PB4
Remove Pin=*2-6 From Net=PB5
Remove Pin=*2-7 From Net=PB6
Remove Pin=*2-8 From Net=PB7
Remove Pin=*2-9 From Net=PB8
Remove Pin=*2-10 From Net=PB9
Remove Pin=*2-11 From Net=PB10
Remove Pin=*2-12 From Net=PB11
Remove Pin=*2-13 From Net=PB12
Remove Pin=*2-14 From Net=PB13
Remove Pin=*2-15 From Net=PB14
Remove Pin=*2-16 From Net=PB15
Remove Pin=J1-2 From Net=SWCLK
Remove Pin=J1-3 From Net=SWDIO
Change Component Designator: OldDesignator=*3 NewDesignator=*1
