Remove Pin=P?-1 From Net=PA0-WKUP
Remove Pin=P?-1 From Net=PA8
Remove Pin=P?-1 From Net=PB0
Remove Pin=P?-1 From Net=PB8
Remove Pin=P?-2 From Net=PA1
Remove Pin=P?-2 From Net=PA9
Remove Pin=P?-2 From Net=PB1
Remove Pin=P?-2 From Net=PB9
Remove Pin=P?-3 From Net=PA2
Remove Pin=P?-3 From Net=PA10
Remove Pin=P?-3 From Net=PB2
Remove Pin=P?-3 From Net=PB10
Remove Pin=P?-4 From Net=PA3
Remove Pin=P?-4 From Net=PA11
Remove Pin=P?-4 From Net=PB3
Remove Pin=P?-4 From Net=PB11
Remove Pin=P?-5 From Net=PA4
Remove Pin=P?-5 From Net=PA12
Remove Pin=P?-5 From Net=PB4
Remove Pin=P?-5 From Net=PB12
Remove Pin=P?-6 From Net=PA5
Remove Pin=P?-6 From Net=PA13
Remove Pin=P?-6 From Net=PB5
Remove Pin=P?-6 From Net=PB13
Remove Pin=P?-7 From Net=PA6
Remove Pin=P?-7 From Net=PA14
Remove Pin=P?-7 From Net=PB6
Remove Pin=P?-7 From Net=PB14
Remove Pin=P?-8 From Net=PA7
Remove Pin=P?-8 From Net=PA15
Remove Pin=P?-8 From Net=PB7
Remove Pin=P?-8 From Net=PB15
Remove Pin=S1-2 From Net=NRST
Change Component Designator: OldDesignator=D1 NewDesignator=D3
Change Component Designator: OldDesignator=D2 NewDesignator=D4
