Removed Pin From Net: NetName=PA0-WKUP Pin=J1-1
Removed Pin From Net: NetName=PA1 Pin=J1-2
Removed Pin From Net: NetName=PA2 Pin=J1-3
Removed Pin From Net: NetName=PA3 Pin=J1-4
Removed Pin From Net: NetName=PA4 Pin=J1-5
Removed Pin From Net: NetName=PA5 Pin=J1-6
Removed Pin From Net: NetName=PA6 Pin=J1-7
Removed Pin From Net: NetName=PA7 Pin=J1-8
Removed Pin From Net: NetName=PB0 Pin=J2-1
Removed Pin From Net: NetName=PB1 Pin=J2-2
Removed Pin From Net: NetName=PB2 Pin=J2-3
Removed Pin From Net: NetName=PB3 Pin=J2-4
Removed Pin From Net: NetName=PB4 Pin=J2-5
Removed Pin From Net: NetName=PB5 Pin=J2-6
Removed Pin From Net: NetName=PB6 Pin=J2-7
Removed Pin From Net: NetName=PB7 Pin=J2-8
Removed Pin From Net: NetName=PA8 Pin=J3-1
Removed Pin From Net: NetName=PA9 Pin=J3-2
Removed Pin From Net: NetName=PA10 Pin=J3-3
Removed Pin From Net: NetName=PA11 Pin=J3-4
Removed Pin From Net: NetName=PA12 Pin=J3-5
Removed Pin From Net: NetName=PA13 Pin=J3-6
Removed Pin From Net: NetName=PA14 Pin=J3-7
Removed Pin From Net: NetName=PA15 Pin=J3-8
Removed Pin From Net: NetName=PB8 Pin=J4-1
Removed Pin From Net: NetName=PB9 Pin=J4-2
Removed Pin From Net: NetName=PB10 Pin=J4-3
Removed Pin From Net: NetName=PB11 Pin=J4-4
Removed Pin From Net: NetName=PB12 Pin=J4-5
Removed Pin From Net: NetName=PB13 Pin=J4-6
Removed Pin From Net: NetName=PB14 Pin=J4-7
Removed Pin From Net: NetName=PB15 Pin=J4-8
Removed Member From Class: ClassName=Controller_page Member=D3
Removed Member From Class: ClassName=Controller_page Member=D4
Removed Member From Class: ClassName=Controller_page Member=J1
Removed Member From Class: ClassName=Controller_page Member=J2
Removed Member From Class: ClassName=Controller_page Member=J3
Removed Member From Class: ClassName=Controller_page Member=J4
Change Component Designator: OldDesignator=D3 NewDesignator=D1
Change Component Designator: OldDesignator=D4 NewDesignator=D2
Added Component: Designator=P?(61300911121)
Add component (AddParameter): Name = "Color"; Value = "Black"; VariantName = "[No Variations]"
Add component (AddParameter): Name = "Connector Type"; Value = "Male Pin"; VariantName = "[No Variations]"
Add component (AddParameter): Name = "Contact Material"; Value = "Copper"; VariantName = "[No Variations]"
Add component (AddParameter): Name = "Contact Mating Length"; Value = "5.9944mm"; VariantName = "[No Variations]"
Add component (AddParameter): Name = "Contact Plating"; Value = "Gold"; VariantName = "[No Variations]"
Add component (AddParameter): Name = "Contact Resistance"; Value = "20mO"; VariantName = "[No Variations]"
Add component (AddParameter): Name = "Current Rating"; Value = "3A"; VariantName = "[No Variations]"
Add component (AddParameter): Name = "Gender"; Value = "Male"; VariantName = "[No Variations]"
Add component (AddParameter): Name = "Lead Pitch"; Value = "2.54mm"; VariantName = "[No Variations]"
Add component (AddParameter): Name = "Mount"; Value = "Through Hole"; VariantName = "[No Variations]"
Add component (AddParameter): Name = "NexarPartId"; Value = "32855536"; VariantName = "[No Variations]"
Add component (AddParameter): Name = "Number of Contacts"; Value = "9"; VariantName = "[No Variations]"
Add component (AddParameter): Name = "Number of Pins"; Value = "9"; VariantName = "[No Variations]"
Add component (AddParameter): Name = "Number of Positions"; Value = "9"; VariantName = "[No Variations]"
Add component (AddParameter): Name = "Number of Rows"; Value = "1"; VariantName = "[No Variations]"
Add component (AddParameter): Name = "Operating Supply Voltage"; Value = "250V"; VariantName = "[No Variations]"
Add component (AddParameter): Name = "Orientation"; Value = "Vertical"; VariantName = "[No Variations]"
Add component (AddParameter): Name = "Packaging"; Value = "Bulk"; VariantName = "[No Variations]"
Add component (AddParameter): Name = "Pitch"; Value = "2.54mm"; VariantName = "[No Variations]"
Add component (AddParameter): Name = "REACH SVHC"; Value = "Unknown"; VariantName = "[No Variations]"
Add component (AddParameter): Name = "RoHS"; Value = "Compliant"; VariantName = "[No Variations]"
Add component (AddParameter): Name = "Termination"; Value = "Solder"; VariantName = "[No Variations]"
Added Component: Designator=P?(61300911121)
Add component (AddParameter): Name = "Color"; Value = "Black"; VariantName = "[No Variations]"
Add component (AddParameter): Name = "Connector Type"; Value = "Male Pin"; VariantName = "[No Variations]"
Add component (AddParameter): Name = "Contact Material"; Value = "Copper"; VariantName = "[No Variations]"
Add component (AddParameter): Name = "Contact Mating Length"; Value = "5.9944mm"; VariantName = "[No Variations]"
Add component (AddParameter): Name = "Contact Plating"; Value = "Gold"; VariantName = "[No Variations]"
Add component (AddParameter): Name = "Contact Resistance"; Value = "20mO"; VariantName = "[No Variations]"
Add component (AddParameter): Name = "Current Rating"; Value = "3A"; VariantName = "[No Variations]"
Add component (AddParameter): Name = "Gender"; Value = "Male"; VariantName = "[No Variations]"
Add component (AddParameter): Name = "Lead Pitch"; Value = "2.54mm"; VariantName = "[No Variations]"
Add component (AddParameter): Name = "Mount"; Value = "Through Hole"; VariantName = "[No Variations]"
Add component (AddParameter): Name = "NexarPartId"; Value = "32855536"; VariantName = "[No Variations]"
Add component (AddParameter): Name = "Number of Contacts"; Value = "9"; VariantName = "[No Variations]"
Add component (AddParameter): Name = "Number of Pins"; Value = "9"; VariantName = "[No Variations]"
Add component (AddParameter): Name = "Number of Positions"; Value = "9"; VariantName = "[No Variations]"
Add component (AddParameter): Name = "Number of Rows"; Value = "1"; VariantName = "[No Variations]"
Add component (AddParameter): Name = "Operating Supply Voltage"; Value = "250V"; VariantName = "[No Variations]"
Add component (AddParameter): Name = "Orientation"; Value = "Vertical"; VariantName = "[No Variations]"
Add component (AddParameter): Name = "Packaging"; Value = "Bulk"; VariantName = "[No Variations]"
Add component (AddParameter): Name = "Pitch"; Value = "2.54mm"; VariantName = "[No Variations]"
Add component (AddParameter): Name = "REACH SVHC"; Value = "Unknown"; VariantName = "[No Variations]"
Add component (AddParameter): Name = "RoHS"; Value = "Compliant"; VariantName = "[No Variations]"
Add component (AddParameter): Name = "Termination"; Value = "Solder"; VariantName = "[No Variations]"
Added Component: Designator=P?(61300911121)
Add component (AddParameter): Name = "Color"; Value = "Black"; VariantName = "[No Variations]"
Add component (AddParameter): Name = "Connector Type"; Value = "Male Pin"; VariantName = "[No Variations]"
Add component (AddParameter): Name = "Contact Material"; Value = "Copper"; VariantName = "[No Variations]"
Add component (AddParameter): Name = "Contact Mating Length"; Value = "5.9944mm"; VariantName = "[No Variations]"
Add component (AddParameter): Name = "Contact Plating"; Value = "Gold"; VariantName = "[No Variations]"
Add component (AddParameter): Name = "Contact Resistance"; Value = "20mO"; VariantName = "[No Variations]"
Add component (AddParameter): Name = "Current Rating"; Value = "3A"; VariantName = "[No Variations]"
Add component (AddParameter): Name = "Gender"; Value = "Male"; VariantName = "[No Variations]"
Add component (AddParameter): Name = "Lead Pitch"; Value = "2.54mm"; VariantName = "[No Variations]"
Add component (AddParameter): Name = "Mount"; Value = "Through Hole"; VariantName = "[No Variations]"
Add component (AddParameter): Name = "NexarPartId"; Value = "32855536"; VariantName = "[No Variations]"
Add component (AddParameter): Name = "Number of Contacts"; Value = "9"; VariantName = "[No Variations]"
Add component (AddParameter): Name = "Number of Pins"; Value = "9"; VariantName = "[No Variations]"
Add component (AddParameter): Name = "Number of Positions"; Value = "9"; VariantName = "[No Variations]"
Add component (AddParameter): Name = "Number of Rows"; Value = "1"; VariantName = "[No Variations]"
Add component (AddParameter): Name = "Operating Supply Voltage"; Value = "250V"; VariantName = "[No Variations]"
Add component (AddParameter): Name = "Orientation"; Value = "Vertical"; VariantName = "[No Variations]"
Add component (AddParameter): Name = "Packaging"; Value = "Bulk"; VariantName = "[No Variations]"
Add component (AddParameter): Name = "Pitch"; Value = "2.54mm"; VariantName = "[No Variations]"
Add component (AddParameter): Name = "REACH SVHC"; Value = "Unknown"; VariantName = "[No Variations]"
Add component (AddParameter): Name = "RoHS"; Value = "Compliant"; VariantName = "[No Variations]"
Add component (AddParameter): Name = "Termination"; Value = "Solder"; VariantName = "[No Variations]"
Added Component: Designator=P?(61300911121)
Add component (AddParameter): Name = "Color"; Value = "Black"; VariantName = "[No Variations]"
Add component (AddParameter): Name = "Connector Type"; Value = "Male Pin"; VariantName = "[No Variations]"
Add component (AddParameter): Name = "Contact Material"; Value = "Copper"; VariantName = "[No Variations]"
Add component (AddParameter): Name = "Contact Mating Length"; Value = "5.9944mm"; VariantName = "[No Variations]"
Add component (AddParameter): Name = "Contact Plating"; Value = "Gold"; VariantName = "[No Variations]"
Add component (AddParameter): Name = "Contact Resistance"; Value = "20mO"; VariantName = "[No Variations]"
Add component (AddParameter): Name = "Current Rating"; Value = "3A"; VariantName = "[No Variations]"
Add component (AddParameter): Name = "Gender"; Value = "Male"; VariantName = "[No Variations]"
Add component (AddParameter): Name = "Lead Pitch"; Value = "2.54mm"; VariantName = "[No Variations]"
Add component (AddParameter): Name = "Mount"; Value = "Through Hole"; VariantName = "[No Variations]"
Add component (AddParameter): Name = "NexarPartId"; Value = "32855536"; VariantName = "[No Variations]"
Add component (AddParameter): Name = "Number of Contacts"; Value = "9"; VariantName = "[No Variations]"
Add component (AddParameter): Name = "Number of Pins"; Value = "9"; VariantName = "[No Variations]"
Add component (AddParameter): Name = "Number of Positions"; Value = "9"; VariantName = "[No Variations]"
Add component (AddParameter): Name = "Number of Rows"; Value = "1"; VariantName = "[No Variations]"
Add component (AddParameter): Name = "Operating Supply Voltage"; Value = "250V"; VariantName = "[No Variations]"
Add component (AddParameter): Name = "Orientation"; Value = "Vertical"; VariantName = "[No Variations]"
Add component (AddParameter): Name = "Packaging"; Value = "Bulk"; VariantName = "[No Variations]"
Add component (AddParameter): Name = "Pitch"; Value = "2.54mm"; VariantName = "[No Variations]"
Add component (AddParameter): Name = "REACH SVHC"; Value = "Unknown"; VariantName = "[No Variations]"
Add component (AddParameter): Name = "RoHS"; Value = "Compliant"; VariantName = "[No Variations]"
Add component (AddParameter): Name = "Termination"; Value = "Solder"; VariantName = "[No Variations]"
Added Pin To Net: NetName=PA0-WKUP Pin=P?-1
Added Pin To Net: NetName=PA8 Pin=P?-1
Added Pin To Net: NetName=PB0 Pin=P?-1
Added Pin To Net: NetName=PB8 Pin=P?-1
Added Pin To Net: NetName=PA1 Pin=P?-2
Added Pin To Net: NetName=PA9 Pin=P?-2
Added Pin To Net: NetName=PB1 Pin=P?-2
Added Pin To Net: NetName=PB9 Pin=P?-2
Added Pin To Net: NetName=PA2 Pin=P?-3
Added Pin To Net: NetName=PA10 Pin=P?-3
Added Pin To Net: NetName=PB2 Pin=P?-3
Added Pin To Net: NetName=PB10 Pin=P?-3
Added Pin To Net: NetName=PA3 Pin=P?-4
Added Pin To Net: NetName=PA11 Pin=P?-4
Added Pin To Net: NetName=PB3 Pin=P?-4
Added Pin To Net: NetName=PB11 Pin=P?-4
Added Pin To Net: NetName=PA4 Pin=P?-5
Added Pin To Net: NetName=PA12 Pin=P?-5
Added Pin To Net: NetName=PB4 Pin=P?-5
Added Pin To Net: NetName=PB12 Pin=P?-5
Added Pin To Net: NetName=PA5 Pin=P?-6
Added Pin To Net: NetName=PA13 Pin=P?-6
Added Pin To Net: NetName=PB5 Pin=P?-6
Added Pin To Net: NetName=PB13 Pin=P?-6
Added Pin To Net: NetName=PA6 Pin=P?-7
Added Pin To Net: NetName=PA14 Pin=P?-7
Added Pin To Net: NetName=PB6 Pin=P?-7
Added Pin To Net: NetName=PB14 Pin=P?-7
Added Pin To Net: NetName=PA7 Pin=P?-8
Added Pin To Net: NetName=PA15 Pin=P?-8
Added Pin To Net: NetName=PB7 Pin=P?-8
Added Pin To Net: NetName=PB15 Pin=P?-8
Add Pin To Net: Unknown Pin: Pin S1-1
Add Pin To Net: Unknown Pin: Pin S1-2
Add Pin To Net: Unknown Pin: Pin S1-3
Add Pin To Net: Unknown Pin: Pin S1-4
Add Pin To Net: Unknown Pin: Pin U1-1
Add Pin To Net: Unknown Pin: Pin U1-2
Add Pin To Net: Unknown Pin: Pin U1-3
Change Net Name : Old Net Name=NetD3_2 New Net Name=NetD1_2
Change Net Name : Old Net Name=NetD4_2 New Net Name=NetD2_2
Added Member To Class: ClassName=Controller_page Member=Component P? 61300911121
Added Member To Class: ClassName=Controller_page Member=Component P? 61300911121
Added Member To Class: ClassName=Controller_page Member=Component P? 61300911121
Added Member To Class: ClassName=Controller_page Member=Component P? 61300911121
Add Class Member: Failed to add class member : Component S1 SW_PB_SMD
Add Class Member: Failed to add class member : Component U1 XC6206P332MR
