Removed Pin From Net: NetName=PA0-WKUP Pin=P1-1
Removed Pin From Net: NetName=PA1 Pin=P1-2
Removed Pin From Net: NetName=PA2 Pin=P1-3
Removed Pin From Net: NetName=PA3 Pin=P1-4
Removed Pin From Net: NetName=PA4 Pin=P1-5
Removed Pin From Net: NetName=PA5 Pin=P1-6
Removed Pin From Net: NetName=PA6 Pin=P1-7
Removed Pin From Net: NetName=PA7 Pin=P1-8
Removed Pin From Net: NetName=PB0 Pin=P2-1
Removed Pin From Net: NetName=PB1 Pin=P2-2
Removed Pin From Net: NetName=PB3 Pin=P2-4
Removed Pin From Net: NetName=PB4 Pin=P2-5
Removed Pin From Net: NetName=PB5 Pin=P2-6
Removed Pin From Net: NetName=PB6 Pin=P2-7
Removed Pin From Net: NetName=PB7 Pin=P2-8
Removed Pin From Net: NetName=PA8 Pin=P3-1
Removed Pin From Net: NetName=PA9 Pin=P3-2
Removed Pin From Net: NetName=PA10 Pin=P3-3
Removed Pin From Net: NetName=PA15 Pin=P3-8
Removed Pin From Net: NetName=PB8 Pin=P4-1
Removed Pin From Net: NetName=PB9 Pin=P4-2
Removed Pin From Net: NetName=PB10 Pin=P4-3
Removed Pin From Net: NetName=PB11 Pin=P4-4
Removed Pin From Net: NetName=PB12 Pin=P4-5
Removed Pin From Net: NetName=PB13 Pin=P4-6
Removed Pin From Net: NetName=PB14 Pin=P4-7
Removed Pin From Net: NetName=PB15 Pin=P4-8
Removed Pin From Net: NetName=SWCLK Pin=P5-2
Removed Pin From Net: NetName=SWDIO Pin=P5-3
Removed Pin From Net: NetName=+3V3 Pin=P5-4
Removed Member From Class: ClassName=Controller_page Member=P1
Change Component Footprint: Designator=P3 Old Footprint=61300911121 New Footprint=HARWIN M20-9960445
Change Component Footprint: Designator=P1 Old Footprint=61300911121 New Footprint=PRPC040SACN-RC-Footprint-1
Change Component Footprint: Designator=P2 Old Footprint=61300911121 New Footprint=PRPC040SACN-RC-Footprint-1
Change Comment: Unknown Component : P5
Change Component Comment : Designator=P3 Old Comment=61300911121 New Comment=M20-9960445
Change Component Comment : Designator=P1 Old Comment=61300911121 New Comment=PRPC040SACN-RC
Change Component Comment : Designator=P2 Old Comment=61300911121 New Comment=PRPC040SACN-RC
Change Comment: Unknown Component : P4
Change Component Designator: OldDesignator=P1 NewDesignator=*1
Change Component Designator: OldDesignator=P2 NewDesignator=*2
Change Component Designator: OldDesignator=P3 NewDesignator=J1
Change Designator: Unknown Component : P4
Change Designator: Unknown Component : P5
Change Managed Component Library Link : Designator=*1 Old VaultGUID=B7D15EC3-160A-466F-A46C-7801FE6295A7 New VaultGUID=D0919A70-71F9-4A8F-9AAE-C2023AD986C1 Old ItemGUID=AAB1E598-F80B-480B-B028-C26FB758011A New ItemGUID=ca63e098-9554-4702-9b40-4d66bd7d3f0c Old RevisionGUID=48CDC35C-13D3-4E02-BBD0-B1002A9D2944 New RevisionGUID=f09a5f5e-9114-48bd-8297-19f90294b96c
Change Managed Component Library Link : Designator=*2 Old VaultGUID=B7D15EC3-160A-466F-A46C-7801FE6295A7 New VaultGUID=D0919A70-71F9-4A8F-9AAE-C2023AD986C1 Old ItemGUID=AAB1E598-F80B-480B-B028-C26FB758011A New ItemGUID=ca63e098-9554-4702-9b40-4d66bd7d3f0c Old RevisionGUID=48CDC35C-13D3-4E02-BBD0-B1002A9D2944 New RevisionGUID=f09a5f5e-9114-48bd-8297-19f90294b96c
Change Managed Component Library Link : Designator=J1 Old VaultGUID=B7D15EC3-160A-466F-A46C-7801FE6295A7 New VaultGUID= Old ItemGUID=AAB1E598-F80B-480B-B028-C26FB758011A New ItemGUID= Old RevisionGUID=48CDC35C-13D3-4E02-BBD0-B1002A9D2944 New RevisionGUID=
Change Managed Component Library Link: Component "P4" not found
Change Managed Component Library Link: Component "P5" not found
Change component parameters: Designator = "P1" ("*1"); Footprint = "61300911121"; UniqueID = "\RJMQRPNV" ("\RJMQRPNV")
Change component parameters (AddParameter): Name = "Case/Package"; Value = ""; VariantName = "[No Variations]"
Change component parameters (AddParameter): Name = "Connector Type"; Value = "BOARD CONNECTOR"; VariantName = "[No Variations]"
Change component parameters (AddParameter): Name = "Gender"; Value = ""; VariantName = "[No Variations]"
Change component parameters (AddParameter): Name = "Max Current Rating"; Value = ""; VariantName = "[No Variations]"
Change component parameters (AddParameter): Name = "Max Operating Temperature"; Value = "105°C"; VariantName = "[No Variations]"
Change component parameters (AddParameter): Name = "Min Operating Temperature"; Value = "-40°C"; VariantName = "[No Variations]"
Change component parameters (AddParameter): Name = "Mounting Technology"; Value = "Board"; VariantName = "[No Variations]"
Change component parameters (AddParameter): Name = "Pins"; Value = ""; VariantName = "[No Variations]"
Change component parameters (AddParameter): Name = "RoHS Compliant"; Value = "Yes"; VariantName = "[No Variations]"
Change component parameters (AddParameter): Name = "Voltage Rating"; Value = ""; VariantName = "[No Variations]"
Change component parameters: Designator = "P2" ("*2"); Footprint = "61300911121"; UniqueID = "\UHULOTBI" ("\UHULOTBI")
Change component parameters (AddParameter): Name = "Case/Package"; Value = ""; VariantName = "[No Variations]"
Change component parameters (AddParameter): Name = "Connector Type"; Value = "BOARD CONNECTOR"; VariantName = "[No Variations]"
Change component parameters (AddParameter): Name = "Gender"; Value = ""; VariantName = "[No Variations]"
Change component parameters (AddParameter): Name = "Max Current Rating"; Value = ""; VariantName = "[No Variations]"
Change component parameters (AddParameter): Name = "Max Operating Temperature"; Value = "105°C"; VariantName = "[No Variations]"
Change component parameters (AddParameter): Name = "Min Operating Temperature"; Value = "-40°C"; VariantName = "[No Variations]"
Change component parameters (AddParameter): Name = "Mounting Technology"; Value = "Board"; VariantName = "[No Variations]"
Change component parameters (AddParameter): Name = "Pins"; Value = ""; VariantName = "[No Variations]"
Change component parameters (AddParameter): Name = "RoHS Compliant"; Value = "Yes"; VariantName = "[No Variations]"
Change component parameters (AddParameter): Name = "Voltage Rating"; Value = ""; VariantName = "[No Variations]"
Change component parameters: Designator = "P3" ("J1"); Footprint = "61300911121"; UniqueID = "\FHTWOBLN" ("\FHTWOBLN")
Change component parameters (AddParameter): Name = "ComponentLink1Description"; Value = "Datasheet"; VariantName = "[No Variations]"
Change component parameters (AddParameter): Name = "ComponentLink1URL"; Value = "https://cdn.harwin.com/pdfs/Harwin_PC_Connectors_M20.pdf"; VariantName = "[No Variations]"
Change component parameters (AddParameter): Name = "ComponentLink2Description"; Value = "DigiKey Link"; VariantName = "[No Variations]"
Change component parameters (AddParameter): Name = "ComponentLink2URL"; Value = "https://www.digikey.com/en/products/detail/harwin-inc/M20-9960445/3921052"; VariantName = "[No Variations]"
Change component parameters (AddParameter): Name = "Connector Type"; Value = "Header, Cuttable"; VariantName = "[No Variations]"
Change component parameters (AddParameter): Name = "Contact Finish - Mating"; Value = "Gold"; VariantName = "[No Variations]"
Change component parameters (AddParameter): Name = "Contact Length - Mating"; Value = "0.240" (6.10mm)"; VariantName = "[No Variations]"
Change component parameters (AddParameter): Name = "Contact Length - Post"; Value = "0.118" (3.00mm)"; VariantName = "[No Variations]"
Change component parameters (AddParameter): Name = "Contact Material"; Value = "Brass"; VariantName = "[No Variations]"
Change component parameters (AddParameter): Name = "Contact Shape"; Value = "Square"; VariantName = "[No Variations]"
Change component parameters (AddParameter): Name = "Contact Type"; Value = "Male Pin"; VariantName = "[No Variations]"
Change component parameters (AddParameter): Name = "Current Rating (Amps)"; Value = "3A per Contact"; VariantName = "[No Variations]"
Change component parameters (AddParameter): Name = "Fastening Type"; Value = "Push-Pull"; VariantName = "[No Variations]"
Change component parameters (AddParameter): Name = "Insulation Color"; Value = "Black"; VariantName = "[No Variations]"
Change component parameters (AddParameter): Name = "Insulation Height"; Value = "0.100" (2.54mm)"; VariantName = "[No Variations]"
Change component parameters (AddParameter): Name = "Insulation Material"; Value = "Polyamide (PA6T), Nylon 6T"; VariantName = "[No Variations]"
Change component parameters (AddParameter): Name = "LastUpdated"; Value = "9/21/2022 7:23:20 PM"; VariantName = "[No Variations]"
Change component parameters (AddParameter): Name = "Lifecycle Status"; Value = "Active"; VariantName = "[No Variations]"
Change component parameters (AddParameter): Name = "Manufacturer"; Value = "Harwin Inc."; VariantName = "[No Variations]"
Change component parameters (AddParameter): Name = "Material Flammability Rating"; Value = "UL94 V-0"; VariantName = "[No Variations]"
Change component parameters (AddParameter): Name = "Minimum Order"; Value = "1"; VariantName = "[No Variations]"
Change component parameters (AddParameter): Name = "Mounting Type"; Value = "Through Hole, Right Angle"; VariantName = "[No Variations]"
Change component parameters (AddParameter): Name = "Number of Positions"; Value = "4"; VariantName = "[No Variations]"
Change component parameters (AddParameter): Name = "Number of Positions Loaded"; Value = "All"; VariantName = "[No Variations]"
Change component parameters (AddParameter): Name = "Number of Rows"; Value = "1"; VariantName = "[No Variations]"
Change component parameters (AddParameter): Name = "Operating Temperature"; Value = "-40°C ~ 105°C"; VariantName = "[No Variations]"
Change component parameters (AddParameter): Name = "Packaging"; Value = "Bulk"; VariantName = "[No Variations]"
Change component parameters (AddParameter): Name = "Part Number"; Value = "M20-9960445"; VariantName = "[No Variations]"
Change component parameters (AddParameter): Name = "Part Status"; Value = "Active"; VariantName = "[No Variations]"
Change component parameters (AddParameter): Name = "PartId"; Value = "167"; VariantName = "[No Variations]"
Change component parameters (AddParameter): Name = "Pitch - Mating"; Value = "0.100" (2.54mm)"; VariantName = "[No Variations]"
Change component parameters (AddParameter): Name = "Price"; Value = "0.11"; VariantName = "[No Variations]"
Change component parameters (AddParameter): Name = "Row Spacing - Mating"; Value = "-40°C ~ 105°C"; VariantName = "[No Variations]"
Change component parameters (AddParameter): Name = "Series"; Value = "M20"; VariantName = "[No Variations]"
Change component parameters (AddParameter): Name = "Shrouding"; Value = "Unshrouded"; VariantName = "[No Variations]"
Change component parameters (AddParameter): Name = "Style"; Value = "Board to Board or Cable"; VariantName = "[No Variations]"
Change component parameters (AddParameter): Name = "Supplier 1"; Value = "DigiKey"; VariantName = "[No Variations]"
Change component parameters (AddParameter): Name = "Supplier Part Number 1"; Value = "952-3286-ND"; VariantName = "[No Variations]"
Change component parameters (AddParameter): Name = "Termination"; Value = "Solder"; VariantName = "[No Variations]"
Change component parameters: Component "P4" not found
Change component parameters: Component "P5" not found
Added Pin To Net: NetName=GND Pin=J1-1
Added Pin To Net: NetName=+3V3 Pin=J1-4
Add Pin To Net: Unknown Pin: Pin S1-1
Add Pin To Net: Unknown Pin: Pin S1-3
Add Pin To Net: Unknown Pin: Pin S1-4
Add Pin To Net: Unknown Pin: Pin U1-2
Add Pin To Net: Unknown Pin: Pin U1-3
Added Member To Class: ClassName=Controller_page Member=Component *1 MICROXNJ USB 2.0
