Removed Pin From Net: NetName=PA0-WKUP Pin=*1-1
Removed Pin From Net: NetName=PA1 Pin=*1-2
Removed Pin From Net: NetName=PA2 Pin=*1-3
Removed Pin From Net: NetName=PA3 Pin=*1-4
Removed Pin From Net: NetName=PA4 Pin=*1-5
Removed Pin From Net: NetName=PA5 Pin=*1-6
Removed Pin From Net: NetName=PA6 Pin=*1-7
Removed Pin From Net: NetName=PA7 Pin=*1-8
Removed Pin From Net: NetName=PA8 Pin=*1-9
Removed Pin From Net: NetName=PA9 Pin=*1-10
Removed Pin From Net: NetName=PA10 Pin=*1-11
Removed Pin From Net: NetName=PA15 Pin=*1-16
Removed Pin From Net: NetName=PB0 Pin=*2-1
Removed Pin From Net: NetName=PB1 Pin=*2-2
Removed Pin From Net: NetName=PB3 Pin=*2-4
Removed Pin From Net: NetName=PB4 Pin=*2-5
Removed Pin From Net: NetName=PB5 Pin=*2-6
Removed Pin From Net: NetName=PB6 Pin=*2-7
Removed Pin From Net: NetName=PB7 Pin=*2-8
Removed Pin From Net: NetName=PB8 Pin=*2-9
Removed Pin From Net: NetName=PB9 Pin=*2-10
Removed Pin From Net: NetName=PB10 Pin=*2-11
Removed Pin From Net: NetName=PB11 Pin=*2-12
Removed Pin From Net: NetName=PB12 Pin=*2-13
Removed Pin From Net: NetName=PB13 Pin=*2-14
Removed Pin From Net: NetName=PB14 Pin=*2-15
Removed Pin From Net: NetName=PB15 Pin=*2-16
Removed Member From Class: ClassName=Controller_page Member=*2
Added Component: Designator=*(2x3P 2.54mm Pin Header -Footprint-1)
Add component (AddParameter): Name = "Case/Package"; Value = "Plugin, P=2.54mm"; VariantName = "[No Variations]"
Add component (AddParameter): Name = "Connector Type"; Value = "Pin Header"; VariantName = "[No Variations]"
Add component (AddParameter): Name = "Gender"; Value = "Male"; VariantName = "[No Variations]"
Add component (AddParameter): Name = "Max Current Rating"; Value = "3A"; VariantName = "[No Variations]"
Add component (AddParameter): Name = "Max Operating Temperature"; Value = ""; VariantName = "[No Variations]"
Add component (AddParameter): Name = "Min Operating Temperature"; Value = ""; VariantName = "[No Variations]"
Add component (AddParameter): Name = "Mounting Technology"; Value = "TH"; VariantName = "[No Variations]"
Add component (AddParameter): Name = "Pins"; Value = "6"; VariantName = "[No Variations]"
Add component (AddParameter): Name = "RoHS Compliant"; Value = "Yes"; VariantName = "[No Variations]"
Add component (AddParameter): Name = "Voltage Rating"; Value = ""; VariantName = "[No Variations]"
Added Component: Designator=J?(FP-2-826646-0-MFG)
Add component (AddParameter): Name = "Board Standoff"; Value = "No (Without)"; VariantName = "[No Variations]"
Add component (AddParameter): Name = "Color"; Value = "Green"; VariantName = "[No Variations]"
Add component (AddParameter): Name = "Connector Type"; Value = "Plug"; VariantName = "[No Variations]"
Add component (AddParameter): Name = "Contact Gender"; Value = "Male"; VariantName = "[No Variations]"
Add component (AddParameter): Name = "Contact Material"; Value = "Bronze"; VariantName = "[No Variations]"
Add component (AddParameter): Name = "Contact Mating Length"; Value = "5.8mm"; VariantName = "[No Variations]"
Add component (AddParameter): Name = "Contact Plating"; Value = "Gold"; VariantName = "[No Variations]"
Add component (AddParameter): Name = "Contact Post Length"; Value = "0.1259inch"; VariantName = "[No Variations]"
Add component (AddParameter): Name = "Contact Protection"; Value = "No (Without)"; VariantName = "[No Variations]"
Add component (AddParameter): Name = "Contact Shape"; Value = "Square"; VariantName = "[No Variations]"
Add component (AddParameter): Name = "Contact Type"; Value = "Male Pin"; VariantName = "[No Variations]"
Add component (AddParameter): Name = "Current Rating"; Value = "3A"; VariantName = "[No Variations]"
Add component (AddParameter): Name = "Depth"; Value = "2.5mm"; VariantName = "[No Variations]"
Add component (AddParameter): Name = "ELV"; Value = "Compliant"; VariantName = "[No Variations]"
Add component (AddParameter): Name = "Flammability Rating"; Value = "UL94 V-0"; VariantName = "[No Variations]"
Add component (AddParameter): Name = "Gasket"; Value = "No (Without)"; VariantName = "[No Variations]"
Add component (AddParameter): Name = "High Speed Serial Data Connector"; Value = "No"; VariantName = "[No Variations]"
Add component (AddParameter): Name = "High Temperature Housing"; Value = "No"; VariantName = "[No Variations]"
Add component (AddParameter): Name = "Housing Color"; Value = "Green"; VariantName = "[No Variations]"
Add component (AddParameter): Name = "Housing Material"; Value = "PBT"; VariantName = "[No Variations]"
Add component (AddParameter): Name = "Keyed"; Value = "No"; VariantName = "[No Variations]"
Add component (AddParameter): Name = "Length"; Value = "50.8mm"; VariantName = "[No Variations]"
Add component (AddParameter): Name = "Mating Alignment"; Value = "No (Without)"; VariantName = "[No Variations]"
Add component (AddParameter): Name = "Mating Connector Lock"; Value = "No (Without)"; VariantName = "[No Variations]"
Add component (AddParameter): Name = "Max Operating Temperature"; Value = "105°C"; VariantName = "[No Variations]"
Add component (AddParameter): Name = "Min Operating Temperature"; Value = "-65°C"; VariantName = "[No Variations]"
Add component (AddParameter): Name = "Mount"; Value = "Straddle Mount"; VariantName = "[No Variations]"
Add component (AddParameter): Name = "Number of Contacts"; Value = "20"; VariantName = "[No Variations]"
Add component (AddParameter): Name = "Number of Positions"; Value = "20"; VariantName = "[No Variations]"
Add component (AddParameter): Name = "Number of Rows"; Value = "1"; VariantName = "[No Variations]"
Add component (AddParameter): Name = "Orientation"; Value = "Straight"; VariantName = "[No Variations]"
Add component (AddParameter): Name = "Package Quantity"; Value = "300"; VariantName = "[No Variations]"
Add component (AddParameter): Name = "Packaging"; Value = "Carton"; VariantName = "[No Variations]"
Add component (AddParameter): Name = "PCB Mount Retention"; Value = "Without"; VariantName = "[No Variations]"
Add component (AddParameter): Name = "PCB Mounting Orientation"; Value = "Vertical"; VariantName = "[No Variations]"
Add component (AddParameter): Name = "Pitch"; Value = "2.54mm"; VariantName = "[No Variations]"
Add component (AddParameter): Name = "Plating Thickness"; Value = "0.8um"; VariantName = "[No Variations]"
Add component (AddParameter): Name = "Radiation Hardening"; Value = "No"; VariantName = "[No Variations]"
Add component (AddParameter): Name = "RoHS Compliant"; Value = "Yes"; VariantName = "[No Variations]"
Add component (AddParameter): Name = "Row Spacing"; Value = "2.54mm"; VariantName = "[No Variations]"
Add component (AddParameter): Name = "Selectively Loaded"; Value = "No (Without)"; VariantName = "[No Variations]"
Add component (AddParameter): Name = "Series"; Value = "AMPMODU MOD II"; VariantName = "[No Variations]"
Add component (AddParameter): Name = "Stabilizers"; Value = "No (Without)"; VariantName = "[No Variations]"
Add component (AddParameter): Name = "Strain Relief"; Value = "No (Without)"; VariantName = "[No Variations]"
Add component (AddParameter): Name = "Termination"; Value = "Through Hole"; VariantName = "[No Variations]"
Added Component: Designator=J?(FP-2-826646-0-MFG)
Add component (AddParameter): Name = "Board Standoff"; Value = "No (Without)"; VariantName = "[No Variations]"
Add component (AddParameter): Name = "Color"; Value = "Green"; VariantName = "[No Variations]"
Add component (AddParameter): Name = "Connector Type"; Value = "Plug"; VariantName = "[No Variations]"
Add component (AddParameter): Name = "Contact Gender"; Value = "Male"; VariantName = "[No Variations]"
Add component (AddParameter): Name = "Contact Material"; Value = "Bronze"; VariantName = "[No Variations]"
Add component (AddParameter): Name = "Contact Mating Length"; Value = "5.8mm"; VariantName = "[No Variations]"
Add component (AddParameter): Name = "Contact Plating"; Value = "Gold"; VariantName = "[No Variations]"
Add component (AddParameter): Name = "Contact Post Length"; Value = "0.1259inch"; VariantName = "[No Variations]"
Add component (AddParameter): Name = "Contact Protection"; Value = "No (Without)"; VariantName = "[No Variations]"
Add component (AddParameter): Name = "Contact Shape"; Value = "Square"; VariantName = "[No Variations]"
Add component (AddParameter): Name = "Contact Type"; Value = "Male Pin"; VariantName = "[No Variations]"
Add component (AddParameter): Name = "Current Rating"; Value = "3A"; VariantName = "[No Variations]"
Add component (AddParameter): Name = "Depth"; Value = "2.5mm"; VariantName = "[No Variations]"
Add component (AddParameter): Name = "ELV"; Value = "Compliant"; VariantName = "[No Variations]"
Add component (AddParameter): Name = "Flammability Rating"; Value = "UL94 V-0"; VariantName = "[No Variations]"
Add component (AddParameter): Name = "Gasket"; Value = "No (Without)"; VariantName = "[No Variations]"
Add component (AddParameter): Name = "High Speed Serial Data Connector"; Value = "No"; VariantName = "[No Variations]"
Add component (AddParameter): Name = "High Temperature Housing"; Value = "No"; VariantName = "[No Variations]"
Add component (AddParameter): Name = "Housing Color"; Value = "Green"; VariantName = "[No Variations]"
Add component (AddParameter): Name = "Housing Material"; Value = "PBT"; VariantName = "[No Variations]"
Add component (AddParameter): Name = "Keyed"; Value = "No"; VariantName = "[No Variations]"
Add component (AddParameter): Name = "Length"; Value = "50.8mm"; VariantName = "[No Variations]"
Add component (AddParameter): Name = "Mating Alignment"; Value = "No (Without)"; VariantName = "[No Variations]"
Add component (AddParameter): Name = "Mating Connector Lock"; Value = "No (Without)"; VariantName = "[No Variations]"
Add component (AddParameter): Name = "Max Operating Temperature"; Value = "105°C"; VariantName = "[No Variations]"
Add component (AddParameter): Name = "Min Operating Temperature"; Value = "-65°C"; VariantName = "[No Variations]"
Add component (AddParameter): Name = "Mount"; Value = "Straddle Mount"; VariantName = "[No Variations]"
Add component (AddParameter): Name = "Number of Contacts"; Value = "20"; VariantName = "[No Variations]"
Add component (AddParameter): Name = "Number of Positions"; Value = "20"; VariantName = "[No Variations]"
Add component (AddParameter): Name = "Number of Rows"; Value = "1"; VariantName = "[No Variations]"
Add component (AddParameter): Name = "Orientation"; Value = "Straight"; VariantName = "[No Variations]"
Add component (AddParameter): Name = "Package Quantity"; Value = "300"; VariantName = "[No Variations]"
Add component (AddParameter): Name = "Packaging"; Value = "Carton"; VariantName = "[No Variations]"
Add component (AddParameter): Name = "PCB Mount Retention"; Value = "Without"; VariantName = "[No Variations]"
Add component (AddParameter): Name = "PCB Mounting Orientation"; Value = "Vertical"; VariantName = "[No Variations]"
Add component (AddParameter): Name = "Pitch"; Value = "2.54mm"; VariantName = "[No Variations]"
Add component (AddParameter): Name = "Plating Thickness"; Value = "0.8um"; VariantName = "[No Variations]"
Add component (AddParameter): Name = "Radiation Hardening"; Value = "No"; VariantName = "[No Variations]"
Add component (AddParameter): Name = "RoHS Compliant"; Value = "Yes"; VariantName = "[No Variations]"
Add component (AddParameter): Name = "Row Spacing"; Value = "2.54mm"; VariantName = "[No Variations]"
Add component (AddParameter): Name = "Selectively Loaded"; Value = "No (Without)"; VariantName = "[No Variations]"
Add component (AddParameter): Name = "Series"; Value = "AMPMODU MOD II"; VariantName = "[No Variations]"
Add component (AddParameter): Name = "Stabilizers"; Value = "No (Without)"; VariantName = "[No Variations]"
Add component (AddParameter): Name = "Strain Relief"; Value = "No (Without)"; VariantName = "[No Variations]"
Add component (AddParameter): Name = "Termination"; Value = "Through Hole"; VariantName = "[No Variations]"
Added Pin To Net: NetName=VCCIN Pin=*3-1
Added Pin To Net: NetName=+3V3 Pin=*-1
Added Pin To Net: NetName=+3V3 Pin=*-2
Added Pin To Net: NetName=BOOT0 Pin=*-3
Added Pin To Net: NetName=BOOT1 Pin=*-4
Added Pin To Net: NetName=GND Pin=*-5
Added Pin To Net: NetName=GND Pin=*-6
Added Pin To Net: NetName=GND Pin=J?-1
Added Pin To Net: NetName=PB12 Pin=J?-1
Added Pin To Net: NetName=GND Pin=J?-2
Added Pin To Net: NetName=PB13 Pin=J?-2
Added Pin To Net: NetName=+3V3 Pin=J?-3
Added Pin To Net: NetName=PB14 Pin=J?-3
Added Pin To Net: NetName=NRST Pin=J?-4
Added Pin To Net: NetName=PB15 Pin=J?-4
Added Pin To Net: NetName=PA8 Pin=J?-5
Added Pin To Net: NetName=PB11 Pin=J?-5
Added Pin To Net: NetName=PA9 Pin=J?-6
Added Pin To Net: NetName=PB10 Pin=J?-6
Added Pin To Net: NetName=PA10 Pin=J?-7
Added Pin To Net: NetName=PB1 Pin=J?-7
Added Pin To Net: NetName=D_N Pin=J?-8
Added Pin To Net: NetName=PB0 Pin=J?-8
Added Pin To Net: NetName=D_P Pin=J?-9
Added Pin To Net: NetName=PA7 Pin=J?-9
Added Pin To Net: NetName=PA6 Pin=J?-10
Added Pin To Net: NetName=PA15 Pin=J?-10
Added Pin To Net: NetName=PA5 Pin=J?-11
Added Pin To Net: NetName=PB3 Pin=J?-11
Added Pin To Net: NetName=PA4 Pin=J?-12
Added Pin To Net: NetName=PB4 Pin=J?-12
Added Pin To Net: NetName=PA3 Pin=J?-13
Added Pin To Net: NetName=PB5 Pin=J?-13
Added Pin To Net: NetName=PA2 Pin=J?-14
Added Pin To Net: NetName=PB6 Pin=J?-14
Added Pin To Net: NetName=PA1 Pin=J?-15
Added Pin To Net: NetName=PB7 Pin=J?-15
Added Pin To Net: NetName=PA0-WKUP Pin=J?-16
Added Pin To Net: NetName=PB8 Pin=J?-16
Added Pin To Net: NetName=PB9 Pin=J?-17
Added Pin To Net: NetName=XTALD Pin=J?-17
Added Pin To Net: NetName=+5V Pin=J?-18
Added Pin To Net: NetName=XTALC Pin=J?-18
Added Pin To Net: NetName=GND Pin=J?-19
Added Pin To Net: NetName=PC13 Pin=J?-19
Added Pin To Net: NetName=+3V3 Pin=J?-20
Added Pin To Net: NetName=VBAT Pin=J?-20
Add Pin To Net: Unknown Pin: Pin S1-1
Add Pin To Net: Unknown Pin: Pin S1-2
Add Pin To Net: Unknown Pin: Pin S1-3
Add Pin To Net: Unknown Pin: Pin S1-4
Add Pin To Net: Unknown Pin: Pin U1-1
Add Pin To Net: Unknown Pin: Pin U1-2
Add Pin To Net: Unknown Pin: Pin U1-3
Added Member To Class: ClassName=Controller_page Member=Component * 2x3P 
Added Member To Class: ClassName=Controller_page Member=Component J? 2-826646-0
Added Member To Class: ClassName=Controller_page Member=Component J? 2-826646-0
Add Class Member: Failed to add class member : Component S1 SW_PB_SMD
Add Class Member: Failed to add class member : Component U1 XC6206P332MR
