Change Component Designator: OldDesignator=*1 NewDesignator=*3
Added Pin To Net: NetName=PA0-WKUP Pin=*1-1
Added Pin To Net: NetName=PA1 Pin=*1-2
Added Pin To Net: NetName=PA2 Pin=*1-3
Added Pin To Net: NetName=PA3 Pin=*1-4
Added Pin To Net: NetName=PA4 Pin=*1-5
Added Pin To Net: NetName=PA5 Pin=*1-6
Added Pin To Net: NetName=PA6 Pin=*1-7
Added Pin To Net: NetName=PA7 Pin=*1-8
Added Pin To Net: NetName=PA8 Pin=*1-9
Added Pin To Net: NetName=PA9 Pin=*1-10
Added Pin To Net: NetName=PA10 Pin=*1-11
Added Pin To Net: NetName=PA15 Pin=*1-16
Added Pin To Net: NetName=PB0 Pin=*2-1
Added Pin To Net: NetName=PB1 Pin=*2-2
Added Pin To Net: NetName=PB3 Pin=*2-4
Added Pin To Net: NetName=PB4 Pin=*2-5
Added Pin To Net: NetName=PB5 Pin=*2-6
Added Pin To Net: NetName=PB6 Pin=*2-7
Added Pin To Net: NetName=PB7 Pin=*2-8
Added Pin To Net: NetName=PB8 Pin=*2-9
Added Pin To Net: NetName=PB9 Pin=*2-10
Added Pin To Net: NetName=PB10 Pin=*2-11
Added Pin To Net: NetName=PB11 Pin=*2-12
Added Pin To Net: NetName=PB12 Pin=*2-13
Added Pin To Net: NetName=PB13 Pin=*2-14
Added Pin To Net: NetName=PB14 Pin=*2-15
Added Pin To Net: NetName=PB15 Pin=*2-16
Added Pin To Net: NetName=SWCLK Pin=J1-2
Added Pin To Net: NetName=SWDIO Pin=J1-3
Add Pin To Net: Unknown Pin: Pin S1-1
Add Pin To Net: Unknown Pin: Pin S1-3
Add Pin To Net: Unknown Pin: Pin S1-4
Add Pin To Net: Unknown Pin: Pin U1-1
Add Pin To Net: Unknown Pin: Pin U1-2
Add Pin To Net: Unknown Pin: Pin U1-3
Added Pin To Net: NetName=PA11 Pin=*1-12
Added Net: Name=PA11
Added Pin To Net: NetName=PA12 Pin=*1-13
Added Net: Name=PA12
Added Pin To Net: NetName=PA13 Pin=*1-14
Added Net: Name=PA13
Added Pin To Net: NetName=PA14 Pin=*1-15
Added Net: Name=PA14
Added Pin To Net: NetName=PB2 Pin=*2-3
Added Net: Name=PB2
Added Member To Class: ClassName=Controller_page Member=Component *2 PRPC040SACN-RC
Added Member To Class: ClassName=Controller_page Member=Component *3 MICROXNJ USB 2.0
Added Member To Class: ClassName=Controller_page Member=Component J1 M20-9960445
Add Class Member: Failed to add class member : Component S1 SW_PB_SMD
Add Class Member: Failed to add class member : Component U1 XC6206P332MR
